<?xml version="1.0" encoding="UTF-8"?>
<!-- Generated by org.testng.reporters.JUnitXMLReporter -->
<testsuite ignored="0" hostname="LAPTOP-EEKSOD7B" failures="1" tests="1" name="ChromeTest" time="0.058" errors="0" timestamp="2023-05-25T11:33:59 IST">
  <testcase classname="testNGExecution.SelectBrowser" name="method1" time="0.0">
    <failure type="org.testng.TestNGException" message="
Method method1 requires 4 parameters but 3 were supplied in the @Test annotation.">
      <![CDATA[org.testng.TestNGException: 
Method method1 requires 4 parameters but 3 were supplied in the @Test annotation.
at java.base/java.util.ArrayList.forEach(ArrayList.java:1511)
... Removed 26 stack frames]]>
    </failure>
  </testcase> <!-- method1 -->
</testsuite> <!-- ChromeTest -->
